<?xml version="1.0" encoding="UTF-8"?>
<!-- Generated by org.testng.reporters.JUnitReportReporter -->
<testsuite skipped="0" hostname="INCN-IT-LP009" name="Automation.OrangeHRM.HomePage" tests="1" failures="0" timestamp="05 Jul 2020 17:01:34 GMT" time="17.723" errors="0">
  <testcase name="employeeList" time="17.723" classname="Automation.OrangeHRM.HomePage"/>
</testsuite> <!-- Automation.OrangeHRM.HomePage -->
